warning: Git tree '/home/skyler/.config/system' is dirty
building the system configuration...
warning: Git tree '/home/skyler/.config/system' is dirty
these 8 derivations will be built:
  /nix/store/ydm9fzsq8zsa7m1avlc80g9a3h6dfhlj-hm_hyprhyprland.conf.drv
  /nix/store/84br70qfxw1409lipdjah4am503wv18x-home-manager-files.drv
  /nix/store/mvf47p9lsmzxg747ff79ad99gvwdxg7d-activation-script.drv
  /nix/store/gs4lbs4w6y9h44msdvhqzpn8g2wqf8cf-home-manager-generation.drv
  /nix/store/7n7awrg29iazr57px78f5wcx5jmr1qdf-unit-home-manager-skyler.service.drv
  /nix/store/sl3v7wnv18dklsd5nfxcazx7sc576vjl-system-units.drv
  /nix/store/swpd5fkkzf0ibrq4mjh8glxff169ilpm-etc.drv
  /nix/store/40m1bv899448g4drswpirqvs0vrvjffj-nixos-system-elm-25.05.20241219.d70bd19.drv
building '/nix/store/ydm9fzsq8zsa7m1avlc80g9a3h6dfhlj-hm_hyprhyprland.conf.drv'...
building '/nix/store/mvf47p9lsmzxg747ff79ad99gvwdxg7d-activation-script.drv'...
building '/nix/store/84br70qfxw1409lipdjah4am503wv18x-home-manager-files.drv'...
building '/nix/store/gs4lbs4w6y9h44msdvhqzpn8g2wqf8cf-home-manager-generation.drv'...
building '/nix/store/7n7awrg29iazr57px78f5wcx5jmr1qdf-unit-home-manager-skyler.service.drv'...
building '/nix/store/sl3v7wnv18dklsd5nfxcazx7sc576vjl-system-units.drv'...
building '/nix/store/swpd5fkkzf0ibrq4mjh8glxff169ilpm-etc.drv'...
building '/nix/store/40m1bv899448g4drswpirqvs0vrvjffj-nixos-system-elm-25.05.20241219.d70bd19.drv'...
activating the configuration...
setting up /etc...
reloading user units for skyler...
restarting sysinit-reactivation.target
